Filename                                         Regions    Missed Regions     Cover   Functions  Missed Functions  Executed       Lines      Missed Lines     Cover    Branches   Missed Branches     Cover
------------------------------------------------------------------------------------------------------------------------------------------------------------------------------------------------------------------------------------------------------
src/zserio/AllocatorHolder.h                          10                 1    90.00%          10                 1    90.00%          20                 3    85.00%           0                 0         -
src/zserio/AllocatorPropagatingCopy.h                 24                 0   100.00%          15                 0   100.00%          63                 0   100.00%           6                 0   100.00%
src/zserio/AnyHolder.h                               107                 9    91.59%          56                 4    92.86%         263                21    92.02%          42                 7    83.33%
src/zserio/Array.h                                   180                34    81.11%          48                 6    87.50%         311                36    88.42%          46                 6    86.96%
src/zserio/ArrayTraits.h                             156                 7    95.51%         156                 7    95.51%         456                21    95.39%           0                 0         -
src/zserio/BitBuffer.h                                54                 2    96.30%          25                 2    92.00%          99                 3    96.97%          24                 0   100.00%
src/zserio/BitFieldUtil.cpp                           15                 0   100.00%           3                 0   100.00%          18                 0   100.00%          10                 0   100.00%
src/zserio/BitPositionUtil.h                           6                 0   100.00%           1                 0   100.00%           5                 0   100.00%           4                 0   100.00%
src/zserio/BitSizeOfCalculator.cpp                    26                 0   100.00%          13                 0   100.00%          55                 0   100.00%          10                 0   100.00%
src/zserio/BitSizeOfCalculator.h                       1                 0   100.00%           1                 0   100.00%           4                 0   100.00%           0                 0         -
src/zserio/BitStreamReader.cpp                       279                10    96.42%          40                 0   100.00%         423                 2    99.53%         178                10    94.38%
src/zserio/BitStreamReader.h                          26                 0   100.00%           6                 0   100.00%          62                 0   100.00%          14                 0   100.00%
src/zserio/BitStreamWriter.cpp                       122                 0   100.00%          34                 0   100.00%         227                 0   100.00%          74                 0   100.00%
src/zserio/BitStreamWriter.h                          15                 0   100.00%           5                 0   100.00%          30                 0   100.00%           8                 0   100.00%
src/zserio/BuiltInOperators.cpp                        6                 0   100.00%           1                 0   100.00%          12                 0   100.00%           4                 0   100.00%
src/zserio/BuiltInOperators.h                          1                 0   100.00%           1                 0   100.00%           3                 0   100.00%           0                 0         -
src/zserio/CppRuntimeException.cpp                    16                 0   100.00%           9                 0   100.00%          45                 0   100.00%           6                 1    83.33%
src/zserio/CppRuntimeException.h                       7                 0   100.00%           7                 0   100.00%          22                 0   100.00%           0                 0         -
src/zserio/DebugStringUtil.h                          29                 1    96.55%          21                 0   100.00%          80                 1    98.75%           6                 1    83.33%
src/zserio/Enums.h                                     8                 0   100.00%           5                 0   100.00%          22                 0   100.00%           2                 0   100.00%
src/zserio/FileUtil.cpp                               19                 4    78.95%           2                 0   100.00%          30                 6    80.00%          12                 4    66.67%
src/zserio/FileUtil.h                                  3                 0   100.00%           3                 0   100.00%           9                 0   100.00%           0                 0         -
src/zserio/FloatUtil.cpp                              35                 0   100.00%           6                 0   100.00%         110                 0   100.00%          22                 0   100.00%
src/zserio/HashCodeUtil.h                             19                 0   100.00%          11                 0   100.00%          44                 0   100.00%           8                 0   100.00%
src/zserio/IReflectable.h                              1                 0   100.00%           1                 0   100.00%           1                 0   100.00%           0                 0         -
src/zserio/ITypeInfo.h                                 3                 0   100.00%           3                 0   100.00%           3                 0   100.00%           0                 0         -
src/zserio/IWalkFilter.h                               1                 0   100.00%           1                 0   100.00%           1                 0   100.00%           0                 0         -
src/zserio/IWalkObserver.h                             1                 0   100.00%           1                 0   100.00%           1                 0   100.00%           0                 0         -
src/zserio/JsonDecoder.h                             154                 6    96.10%          16                 0   100.00%         223                 6    97.31%         126                11    91.27%
src/zserio/JsonEncoder.cpp                            32                 0   100.00%           4                 0   100.00%          82                 0   100.00%          32                 1    96.88%
src/zserio/JsonEncoder.h                               4                 1    75.00%           1                 0   100.00%           6                 1    83.33%           0                 0         -
src/zserio/JsonParser.h                               66                 0   100.00%          16                 0   100.00%         131                 0   100.00%          38                 0   100.00%
src/zserio/JsonReader.h                              214                 6    97.20%          45                 0   100.00%         390                18    95.38%         112                 8    92.86%
src/zserio/JsonTokenizer.cpp                          11                 0   100.00%           1                 0   100.00%          25                 0   100.00%          20                 0   100.00%
src/zserio/JsonTokenizer.h                            62                 1    98.39%          14                 0   100.00%         132                 0   100.00%          46                 2    95.65%
src/zserio/JsonWriter.h                              105                 8    92.38%          28                 0   100.00%         239                 9    96.23%          88                11    87.50%
src/zserio/OptionalHolder.h                          103                 6    94.17%          57                 1    98.25%         224                 5    97.77%          32                 8    75.00%
src/zserio/PackingContext.h                           77                 1    98.70%          24                 1    95.83%         175                 1    99.43%          42                 0   100.00%
src/zserio/Reflectable.h                             673                60    91.08%         357                 3    99.16%        1513               142    90.61%         308                74    75.97%
src/zserio/ReflectableUtil.h                         104                 9    91.35%           9                 0   100.00%         120                13    89.17%         108                19    82.41%
src/zserio/SerializeUtil.h                            18                 0   100.00%          18                 0   100.00%          72                 0   100.00%           0                 0         -
src/zserio/Span.h                                     36                 2    94.44%          30                 0   100.00%          71                 0   100.00%           2                 1    50.00%
src/zserio/SqliteConnection.h                         20                 0   100.00%           9                 0   100.00%          49                 0   100.00%          10                 2    80.00%
src/zserio/SqliteException.h                           3                 0   100.00%           3                 0   100.00%           7                 0   100.00%           0                 0         -
src/zserio/SqliteFinalizer.h                           1                 0   100.00%           1                 0   100.00%           3                 0   100.00%           0                 0         -
src/zserio/StringConvertUtil.h                        29                 0   100.00%           8                 0   100.00%          74                 0   100.00%          16                 0   100.00%
src/zserio/StringView.h                              154                 1    99.35%          64                 0   100.00%         266                 1    99.62%          62                 3    95.16%
src/zserio/TypeInfo.h                                167                 1    99.40%         126                 1    99.21%         629                 3    99.52%          30                 0   100.00%
src/zserio/TypeInfoUtil.cpp                          114                 0   100.00%          12                 0   100.00%         186                 0   100.00%         204                 0   100.00%
src/zserio/UniquePtr.h                                 9                 0   100.00%           7                 0   100.00%          31                 0   100.00%           0                 0         -
src/zserio/ValidationSqliteUtil.h                     24                 2    91.67%           4                 0   100.00%          87                 8    90.80%          22                 2    90.91%
src/zserio/VarSizeUtil.cpp                             4                 0   100.00%           1                 0   100.00%          10                 0   100.00%           2                 0   100.00%
src/zserio/Walker.h                                  144                 0   100.00%          75                 0   100.00%         313                 0   100.00%          56                 2    96.43%
src/zserio/ZserioTreeCreator.cpp                       4                 0   100.00%           1                 0   100.00%          11                 0   100.00%           6                 0   100.00%
src/zserio/ZserioTreeCreator.h                       239                 3    98.74%          49                 0   100.00%         388                 4    98.97%         176                15    91.48%
src/zserio/pmr/MemoryResource.cpp                      6                 0   100.00%           3                 0   100.00%          12                 0   100.00%           2                 0   100.00%
src/zserio/pmr/MemoryResource.h                        9                 0   100.00%           7                 0   100.00%          18                 0   100.00%           4                 0   100.00%
src/zserio/pmr/NewDeleteResource.cpp                   1                 0   100.00%           1                 0   100.00%           4                 0   100.00%           0                 0         -
src/zserio/pmr/NewDeleteResource.h                     3                 0   100.00%           3                 0   100.00%           9                 0   100.00%           0                 0         -
src/zserio/pmr/PolymorphicAllocator.h                 12                 0   100.00%          12                 0   100.00%          32                 0   100.00%           0                 0         -
test/zserio/AllocatorPropagatingCopyTest.cpp          29                 0   100.00%          18                 0   100.00%         112                 0   100.00%           0                 0         -
test/zserio/AnyHolderTest.cpp                         62                 0   100.00%          21                 0   100.00%         209                 0   100.00%           0                 0         -
test/zserio/ArrayTest.cpp                            217                 2    99.08%         117                 0   100.00%         799                 1    99.87%          48                 2    95.83%
test/zserio/BitBufferTest.cpp                         72                 0   100.00%          20                 0   100.00%         239                 0   100.00%          12                 0   100.00%
test/zserio/BitFieldUtilTest.cpp                      32                 0   100.00%           2                 0   100.00%          36                 0   100.00%           0                 0         -
test/zserio/BitPositionUtilTest.cpp                    9                 0   100.00%           1                 0   100.00%          12                 0   100.00%           0                 0         -
test/zserio/BitSizeOfCalculatorTest.cpp              171                 0   100.00%          11                 0   100.00%         204                 0   100.00%           0                 0         -
test/zserio/BitStreamReaderTest.cpp                   52                 3    94.23%          13                 0   100.00%          97                 0   100.00%           4                 0   100.00%
test/zserio/BitStreamTest.cpp                        127                 1    99.21%          33                 0   100.00%         486                 0   100.00%          30                 1    96.67%
test/zserio/BitStreamWriterTest.cpp                   85                 1    98.82%          25                 0   100.00%         230                 0   100.00%          20                 0   100.00%
test/zserio/BuiltInOperatorsTest.cpp                  42                 0   100.00%           9                 0   100.00%          58                 0   100.00%           0                 0         -
test/zserio/ConstraintExceptionTest.cpp                1                 0   100.00%           1                 0   100.00%           5                 0   100.00%           0                 0         -
test/zserio/CppRuntimeExceptionTest.cpp               19                 0   100.00%          12                 0   100.00%          70                 0   100.00%           2                 0   100.00%
test/zserio/DebugStringUtilTest.cpp                  182                 2    98.90%         108                 1    99.07%         874                 4    99.54%          18                 1    94.44%
test/zserio/EnumsTest.cpp                             44                 0   100.00%          15                 0   100.00%          94                 0   100.00%          20                 0   100.00%
test/zserio/FileUtilTest.cpp                          22                 0   100.00%           4                 0   100.00%          51                 0   100.00%           8                 0   100.00%
test/zserio/FloatUtilTest.cpp                         17                 0   100.00%          13                 0   100.00%         135                 0   100.00%           8                 0   100.00%
test/zserio/HashCodeUtilTest.cpp                      44                 0   100.00%          27                 0   100.00%         168                 0   100.00%           0                 0         -
test/zserio/HeapOptionalHolderTest.cpp               123                 0   100.00%          23                 0   100.00%         310                 0   100.00%           0                 0         -
test/zserio/InplaceOptionalHolderTest.cpp             55                 0   100.00%          21                 0   100.00%         169                 0   100.00%           0                 0         -
test/zserio/JsonDecoderTest.cpp                       54                 5    90.74%          14                 0   100.00%         146                 0   100.00%           0                 0         -
test/zserio/JsonEncoderTest.cpp                       46                 1    97.83%           5                 0   100.00%         140                 0   100.00%           0                 0         -
test/zserio/JsonParserTest.cpp                        37                 0   100.00%          23                 0   100.00%         228                 0   100.00%           2                 0   100.00%
test/zserio/JsonReaderTest.cpp                       115                 0   100.00%          28                 0   100.00%         691                 0   100.00%           0                 0         -
test/zserio/JsonTokenizerTest.cpp                    439                86    80.41%           7                 0   100.00%         232                 0   100.00%          12                 0   100.00%
test/zserio/JsonWriterTest.cpp                        42                 0   100.00%          32                 0   100.00%         290                 0   100.00%           0                 0         -
test/zserio/MemoryResourceTest.cpp                    22                 0   100.00%          11                 0   100.00%          58                 0   100.00%           4                 1    75.00%
test/zserio/NewDeleteResourceTest.cpp                  2                 0   100.00%           1                 0   100.00%           6                 0   100.00%           0                 0         -
test/zserio/PolymorphicAllocatorTest.cpp              42                 0   100.00%          16                 0   100.00%         134                 0   100.00%           0                 0         -
test/zserio/PubsubExceptionTest.cpp                    1                 0   100.00%           1                 0   100.00%           5                 0   100.00%           0                 0         -
test/zserio/ReflectableTest.cpp                      454                 7    98.46%         108                 0   100.00%        1192                32    97.32%          10                 3    70.00%
test/zserio/ReflectableUtilTest.cpp                  116                 0   100.00%          19                 0   100.00%         268                 0   100.00%           0                 0         -
test/zserio/SerializeUtilTest.cpp                    147                 0   100.00%          13                 0   100.00%         448                 0   100.00%           0                 0         -
test/zserio/ServiceExceptionTest.cpp                   1                 0   100.00%           1                 0   100.00%           5                 0   100.00%           0                 0         -
test/zserio/SpanTest.cpp                              96                 0   100.00%          24                 0   100.00%         233                 0   100.00%          12                 0   100.00%
test/zserio/SqliteConnectionTest.cpp                  87                 0   100.00%          19                 0   100.00%         233                 0   100.00%           2                 0   100.00%
test/zserio/StringConvertUtilTest.cpp                 37                 0   100.00%          11                 0   100.00%         103                 0   100.00%           0                 0         -
test/zserio/StringViewTest.cpp                       337                 0   100.00%          50                 0   100.00%         551                 0   100.00%          12                 0   100.00%
test/zserio/TrackingAllocator.h                       18                 0   100.00%          17                 0   100.00%          43                 0   100.00%           0                 0         -
test/zserio/TraitsTest.cpp                            40                 0   100.00%          13                 0   100.00%          81                 0   100.00%           0                 0         -
test/zserio/TypeInfoTest.cpp                         327                 0   100.00%          13                 0   100.00%         451                 0   100.00%          42                 0   100.00%
test/zserio/TypeInfoUtilTest.cpp                     348                 0   100.00%           6                 0   100.00%         360                 0   100.00%           0                 0         -
test/zserio/UniquePtrTest.cpp                          5                 0   100.00%           2                 0   100.00%          11                 0   100.00%           0                 0         -
test/zserio/ValidationSqliteUtilTest.cpp              84                 0   100.00%           8                 0   100.00%         159                 0   100.00%           2                 0   100.00%
test/zserio/VarSizeUtilTest.cpp                        4                 0   100.00%           1                 0   100.00%           9                 0   100.00%           0                 0         -
test/zserio/WalkerTest.cpp                           246                 0   100.00%          48                 0   100.00%         557                 0   100.00%          10                 0   100.00%
test/zserio/ZserioTreeCreatorTest.cpp                220                 0   100.00%          12                 0   100.00%         394                 0   100.00%           0                 0         -
------------------------------------------------------------------------------------------------------------------------------------------------------------------------------------------------------------------------------------------------------
TOTAL                                               8544               283    96.69%        2488                27    98.91%       19337               341    98.24%        2298               196    91.47%
